TN:
SF:/home/gilberto/Documents/JSProjects/GoStack/GoStack-GoBarber/appgobarber/src/components/Button/index.tsx
FN:11,(anonymous_0)
FNF:1
FNH:1
FNDA:1,(anonymous_0)
DA:11,1
DA:12,1
LF:2
LH:2
BRF:0
BRH:0
end_of_record
TN:
SF:/home/gilberto/Documents/JSProjects/GoStack/GoStack-GoBarber/appgobarber/src/components/Input/index.tsx
FN:28,(anonymous_0)
FN:40,(anonymous_1)
FN:44,(anonymous_2)
FN:51,(anonymous_3)
FN:52,(anonymous_4)
FN:57,(anonymous_5)
FN:62,(anonymous_6)
FN:66,(anonymous_7)
FN:88,(anonymous_8)
FNF:9
FNH:3
FNDA:2,(anonymous_0)
FNDA:0,(anonymous_1)
FNDA:0,(anonymous_2)
FNDA:1,(anonymous_3)
FNDA:0,(anonymous_4)
FNDA:2,(anonymous_5)
FNDA:0,(anonymous_6)
FNDA:0,(anonymous_7)
FNDA:0,(anonymous_8)
DA:28,1
DA:32,2
DA:34,2
DA:35,2
DA:37,2
DA:38,2
DA:40,2
DA:41,0
DA:44,2
DA:45,0
DA:48,0
DA:51,2
DA:53,0
DA:57,2
DA:58,2
DA:63,0
DA:64,0
DA:67,0
DA:68,0
DA:73,2
DA:89,0
LF:21
LH:12
BRDA:29,0,0,2
BRDA:34,1,0,2
BRDA:78,2,0,0
BRDA:78,2,1,2
BRDA:78,3,0,2
BRDA:78,3,1,2
BRF:6
BRH:5
end_of_record
TN:
SF:/home/gilberto/Documents/JSProjects/GoStack/GoStack-GoBarber/appgobarber/src/hooks/auth.tsx
FN:41,(anonymous_0)
FN:45,(anonymous_1)
FN:46,loadStoragedData
FN:64,(anonymous_3)
FN:82,(anonymous_4)
FN:89,(anonymous_5)
FN:109,useAuth
FNF:7
FNH:1
FNDA:0,(anonymous_0)
FNDA:0,(anonymous_1)
FNDA:0,loadStoragedData
FNDA:0,(anonymous_3)
FNDA:0,(anonymous_4)
FNDA:0,(anonymous_5)
FNDA:1,useAuth
DA:39,1
DA:41,1
DA:42,0
DA:43,0
DA:45,0
DA:47,0
DA:52,0
DA:53,0
DA:55,0
DA:58,0
DA:61,0
DA:64,0
DA:65,0
DA:70,0
DA:72,0
DA:77,0
DA:79,0
DA:82,0
DA:83,0
DA:85,0
DA:88,0
DA:90,0
DA:92,0
DA:100,0
DA:110,1
DA:112,1
DA:113,0
DA:116,1
LF:28
LH:5
BRDA:52,0,0,0
BRDA:52,0,1,0
BRDA:52,1,0,0
BRDA:52,1,1,0
BRDA:112,2,0,0
BRDA:112,2,1,1
BRF:6
BRH:1
end_of_record
TN:
SF:/home/gilberto/Documents/JSProjects/GoStack/GoStack-GoBarber/appgobarber/src/pages/AppointmentCreated/index.tsx
FN:19,(anonymous_0)
FN:25,(anonymous_1)
FN:32,(anonymous_2)
FNF:3
FNH:0
FNDA:0,(anonymous_0)
FNDA:0,(anonymous_1)
FNDA:0,(anonymous_2)
DA:19,0
DA:20,0
DA:21,0
DA:23,0
DA:25,0
DA:26,0
DA:32,0
DA:33,0
DA:40,0
LF:9
LH:0
BRF:0
BRH:0
end_of_record
TN:
SF:/home/gilberto/Documents/JSProjects/GoStack/GoStack-GoBarber/appgobarber/src/pages/CreateAppointment/index.tsx
FN:52,(anonymous_0)
FN:68,(anonymous_1)
FN:69,(anonymous_2)
FN:74,(anonymous_3)
FN:83,(anonymous_4)
FN:88,(anonymous_5)
FN:92,(anonymous_6)
FN:96,(anonymous_7)
FN:97,(anonymous_8)
FN:100,(anonymous_9)
FN:110,(anonymous_10)
FN:114,(anonymous_11)
FN:135,(anonymous_12)
FN:137,(anonymous_13)
FN:138,(anonymous_14)
FN:147,(anonymous_15)
FN:149,(anonymous_16)
FN:150,(anonymous_17)
FN:177,(anonymous_18)
FN:178,(anonymous_19)
FN:180,(anonymous_20)
FN:219,(anonymous_21)
FN:225,(anonymous_22)
FN:240,(anonymous_23)
FN:246,(anonymous_24)
FNF:25
FNH:0
FNDA:0,(anonymous_0)
FNDA:0,(anonymous_1)
FNDA:0,(anonymous_2)
FNDA:0,(anonymous_3)
FNDA:0,(anonymous_4)
FNDA:0,(anonymous_5)
FNDA:0,(anonymous_6)
FNDA:0,(anonymous_7)
FNDA:0,(anonymous_8)
FNDA:0,(anonymous_9)
FNDA:0,(anonymous_10)
FNDA:0,(anonymous_11)
FNDA:0,(anonymous_12)
FNDA:0,(anonymous_13)
FNDA:0,(anonymous_14)
FNDA:0,(anonymous_15)
FNDA:0,(anonymous_16)
FNDA:0,(anonymous_17)
FNDA:0,(anonymous_18)
FNDA:0,(anonymous_19)
FNDA:0,(anonymous_20)
FNDA:0,(anonymous_21)
FNDA:0,(anonymous_22)
FNDA:0,(anonymous_23)
FNDA:0,(anonymous_24)
DA:52,0
DA:53,0
DA:54,0
DA:55,0
DA:57,0
DA:59,0
DA:60,0
DA:61,0
DA:62,0
DA:63,0
DA:64,0
DA:68,0
DA:69,0
DA:70,0
DA:74,0
DA:75,0
DA:84,0
DA:88,0
DA:89,0
DA:92,0
DA:93,0
DA:96,0
DA:97,0
DA:100,0
DA:101,0
DA:102,0
DA:105,0
DA:106,0
DA:110,0
DA:111,0
DA:114,0
DA:115,0
DA:116,0
DA:118,0
DA:119,0
DA:121,0
DA:126,0
DA:128,0
DA:135,0
DA:136,0
DA:137,0
DA:139,0
DA:147,0
DA:148,0
DA:149,0
DA:151,0
DA:159,0
DA:177,0
DA:179,0
DA:180,0
DA:220,0
DA:225,0
DA:241,0
DA:246,0
LF:54
LH:0
BRDA:101,0,0,0
BRDA:101,0,1,0
BRDA:105,1,0,0
BRDA:105,1,1,0
BRDA:201,2,0,0
BRDA:201,2,1,0
BRF:6
BRH:0
end_of_record
TN:
SF:/home/gilberto/Documents/JSProjects/GoStack/GoStack-GoBarber/appgobarber/src/pages/Dashboard/index.tsx
FN:32,(anonymous_0)
FN:38,(anonymous_1)
FN:39,(anonymous_2)
FN:44,(anonymous_3)
FN:49,(anonymous_4)
FN:70,(anonymous_5)
FN:72,(anonymous_6)
FN:74,(anonymous_7)
FNF:8
FNH:0
FNDA:0,(anonymous_0)
FNDA:0,(anonymous_1)
FNDA:0,(anonymous_2)
FNDA:0,(anonymous_3)
FNDA:0,(anonymous_4)
FNDA:0,(anonymous_5)
FNDA:0,(anonymous_6)
FNDA:0,(anonymous_7)
DA:32,0
DA:33,0
DA:35,0
DA:36,0
DA:38,0
DA:39,0
DA:40,0
DA:44,0
DA:45,0
DA:48,0
DA:50,0
DA:55,0
DA:70,0
DA:73,0
DA:74,0
LF:15
LH:0
BRF:0
BRH:0
end_of_record
TN:
SF:/home/gilberto/Documents/JSProjects/GoStack/GoStack-GoBarber/appgobarber/src/pages/Profile/index.tsx
FN:42,(anonymous_0)
FN:54,(anonymous_1)
FN:65,(anonymous_2)
FN:71,(anonymous_3)
FN:123,(anonymous_4)
FN:128,(anonymous_5)
FN:146,(anonymous_6)
FN:153,(anonymous_7)
FN:188,(anonymous_8)
FN:202,(anonymous_9)
FN:216,(anonymous_10)
FN:229,(anonymous_11)
FN:242,(anonymous_12)
FN:248,(anonymous_13)
FNF:14
FNH:0
FNDA:0,(anonymous_0)
FNDA:0,(anonymous_1)
FNDA:0,(anonymous_2)
FNDA:0,(anonymous_3)
FNDA:0,(anonymous_4)
FNDA:0,(anonymous_5)
FNDA:0,(anonymous_6)
FNDA:0,(anonymous_7)
FNDA:0,(anonymous_8)
FNDA:0,(anonymous_9)
FNDA:0,(anonymous_10)
FNDA:0,(anonymous_11)
FNDA:0,(anonymous_12)
FNDA:0,(anonymous_13)
DA:42,0
DA:43,0
DA:45,0
DA:46,0
DA:48,0
DA:49,0
DA:50,0
DA:51,0
DA:53,0
DA:55,0
DA:56,0
DA:58,0
DA:65,0
DA:71,0
DA:77,0
DA:87,0
DA:89,0
DA:101,0
DA:103,0
DA:105,0
DA:107,0
DA:109,0
DA:110,0
DA:112,0
DA:114,0
DA:117,0
DA:123,0
DA:124,0
DA:129,0
DA:130,0
DA:133,0
DA:134,0
DA:135,0
DA:138,0
DA:140,0
DA:146,0
DA:147,0
DA:153,0
DA:154,0
DA:157,0
DA:189,0
DA:203,0
DA:217,0
DA:230,0
DA:243,0
DA:249,0
LF:46
LH:0
BRDA:92,0,0,0
BRDA:92,0,1,0
BRDA:109,1,0,0
BRDA:109,1,1,0
BRDA:129,2,0,0
BRDA:129,2,1,0
BRDA:133,3,0,0
BRDA:133,3,1,0
BRDA:161,4,0,0
BRDA:161,4,1,0
BRF:10
BRH:0
end_of_record
TN:
SF:/home/gilberto/Documents/JSProjects/GoStack/GoStack-GoBarber/appgobarber/src/pages/SignIn/index.tsx
FN:41,(anonymous_0)
FN:49,(anonymous_1)
FN:109,(anonymous_2)
FN:121,(anonymous_3)
FN:127,(anonymous_4)
FN:136,(anonymous_5)
FN:146,(anonymous_6)
FNF:7
FNH:1
FNDA:1,(anonymous_0)
FNDA:0,(anonymous_1)
FNDA:0,(anonymous_2)
FNDA:0,(anonymous_3)
FNDA:0,(anonymous_4)
FNDA:0,(anonymous_5)
FNDA:0,(anonymous_6)
DA:41,1
DA:42,1
DA:43,1
DA:44,1
DA:46,1
DA:48,1
DA:50,0
DA:51,0
DA:53,0
DA:59,0
DA:63,0
DA:68,0
DA:69,0
DA:71,0
DA:73,0
DA:76,0
DA:82,1
DA:110,0
DA:122,0
DA:128,0
DA:137,0
DA:146,0
LF:22
LH:7
BRDA:68,0,0,0
BRDA:68,0,1,0
BRDA:86,1,0,1
BRDA:86,1,1,0
BRF:4
BRH:1
end_of_record
TN:
SF:/home/gilberto/Documents/JSProjects/GoStack/GoStack-GoBarber/appgobarber/src/pages/SignUp/index.tsx
FN:33,(anonymous_0)
FN:42,(anonymous_1)
FN:104,(anonymous_2)
FN:118,(anonymous_3)
FN:131,(anonymous_4)
FN:137,(anonymous_5)
FN:148,(anonymous_6)
FNF:7
FNH:0
FNDA:0,(anonymous_0)
FNDA:0,(anonymous_1)
FNDA:0,(anonymous_2)
FNDA:0,(anonymous_3)
FNDA:0,(anonymous_4)
FNDA:0,(anonymous_5)
FNDA:0,(anonymous_6)
DA:33,0
DA:34,0
DA:36,0
DA:38,0
DA:39,0
DA:41,0
DA:43,0
DA:44,0
DA:46,0
DA:55,0
DA:59,0
DA:61,0
DA:63,0
DA:65,0
DA:66,0
DA:68,0
DA:70,0
DA:73,0
DA:79,0
DA:105,0
DA:119,0
DA:132,0
DA:138,0
DA:148,0
LF:24
LH:0
BRDA:65,0,0,0
BRDA:65,0,1,0
BRDA:83,1,0,0
BRDA:83,1,1,0
BRF:4
BRH:0
end_of_record
